[2026-05-10 00:42:39] local.ERROR: Maximum execution time of 60 seconds exceeded {"exception":"[object] (Symfony\\Component\\ErrorHandler\\Error\\FatalError(code: 0): Maximum execution time of 60 seconds exceeded at C:/xampp/htdocs/AniMex/vendor/guzzlehttp/guzzle/src/Handler/CurlFactory.php:501)
[stacktrace]
#0 {main}
"} 
[2026-05-10 00:42:46] local.INFO: AnilistVideoSource: Found sources via Consumet {"anilist_id":101922,"episode":3,"used_title":"Demon Slayer: Kimetsu no Yaiba"} 
[2026-05-10 00:43:49] local.ERROR: Maximum execution time of 60 seconds exceeded {"exception":"[object] (Symfony\\Component\\ErrorHandler\\Error\\FatalError(code: 0): Maximum execution time of 60 seconds exceeded at C:/xampp/htdocs/AniMex/vendor/guzzlehttp/guzzle/src/Handler/CurlFactory.php:501)
[stacktrace]
#0 {main}
"} 
[2026-05-10 00:50:16] local.INFO: AnilistVideoSource: Found sources via Consumet {"anilist_id":108465,"episode":1,"used_title":"Mushoku Tensei: Jobless Reincarnation"} 
[2026-05-10 00:50:23] local.INFO: AnilistVideoSource: Found sources via Consumet {"anilist_id":1735,"episode":1,"used_title":"Naruto Shippuden"} 
[2026-05-10 00:51:28] local.ERROR: Maximum execution time of 60 seconds exceeded {"exception":"[object] (Symfony\\Component\\ErrorHandler\\Error\\FatalError(code: 0): Maximum execution time of 60 seconds exceeded at C:/xampp/htdocs/AniMex/vendor/guzzlehttp/guzzle/src/Handler/CurlFactory.php:501)
[stacktrace]
#0 {main}
"} 
[2026-05-10 00:52:36] local.ERROR: Maximum execution time of 60 seconds exceeded {"exception":"[object] (Symfony\\Component\\ErrorHandler\\Error\\FatalError(code: 0): Maximum execution time of 60 seconds exceeded at C:/xampp/htdocs/AniMex/vendor/guzzlehttp/guzzle/src/Handler/CurlFactory.php:501)
[stacktrace]
#0 {main}
"} 
[2026-05-10 00:53:46] local.INFO: AnilistVideoSource: Found sources via Consumet {"anilist_id":1735,"episode":2,"used_title":"Naruto Shippuden"} 
[2026-05-10 00:57:52] local.ERROR: Maximum execution time of 60 seconds exceeded {"exception":"[object] (Symfony\\Component\\ErrorHandler\\Error\\FatalError(code: 0): Maximum execution time of 60 seconds exceeded at C:/xampp/htdocs/AniMex/vendor/guzzlehttp/guzzle/src/Handler/CurlFactory.php:501)
[stacktrace]
#0 {main}
"} 
[2026-05-10 01:00:42] local.ERROR: Maximum execution time of 60 seconds exceeded {"exception":"[object] (Symfony\\Component\\ErrorHandler\\Error\\FatalError(code: 0): Maximum execution time of 60 seconds exceeded at C:/xampp/htdocs/AniMex/vendor/guzzlehttp/guzzle/src/Handler/CurlFactory.php:501)
[stacktrace]
#0 {main}
"} 
[2026-05-10 01:37:10] local.ERROR: Maximum execution time of 60 seconds exceeded {"exception":"[object] (Symfony\\Component\\ErrorHandler\\Error\\FatalError(code: 0): Maximum execution time of 60 seconds exceeded at C:/xampp/htdocs/AniMex/vendor/guzzlehttp/guzzle/src/Handler/CurlFactory.php:501)
[stacktrace]
#0 {main}
"} 
[2026-05-10 01:39:32] local.ERROR: Maximum execution time of 60 seconds exceeded {"exception":"[object] (Symfony\\Component\\ErrorHandler\\Error\\FatalError(code: 0): Maximum execution time of 60 seconds exceeded at C:/xampp/htdocs/AniMex/vendor/guzzlehttp/psr7/src/Stream.php:257)
[stacktrace]
#0 {main}
"} 
[2026-05-10 01:45:37] local.INFO: AnilistVideoSource: Found sources via Consumet {"anilist_id":1735,"episode":3,"used_title":"Naruto Shippuden"} 
[2026-05-10 01:46:03] local.INFO: AnilistVideoSource: Found sources via Consumet {"anilist_id":1735,"episode":4,"used_title":"Naruto Shippuden"} 
[2026-05-10 01:46:26] local.INFO: AnilistVideoSource: Found sources via Consumet {"anilist_id":1735,"episode":5,"used_title":"Naruto Shippuden"} 
[2026-05-10 01:47:15] local.INFO: AnilistVideoSource: Found sources via Consumet {"anilist_id":21,"episode":1,"used_title":"One Piece"} 
[2026-05-10 01:48:25] local.INFO: AnilistVideoSource: Found sources via Consumet {"anilist_id":16498,"episode":1,"used_title":"Attack on Titan"} 
[2026-05-10 01:49:34] local.ERROR: Maximum execution time of 60 seconds exceeded {"exception":"[object] (Symfony\\Component\\ErrorHandler\\Error\\FatalError(code: 0): Maximum execution time of 60 seconds exceeded at C:/xampp/htdocs/AniMex/vendor/guzzlehttp/guzzle/src/Handler/CurlFactory.php:501)
[stacktrace]
#0 {main}
"} 
[2026-05-10 01:49:38] local.INFO: AnilistVideoSource: Found sources via Consumet {"anilist_id":16498,"episode":2,"used_title":"Attack on Titan"} 
[2026-05-10 01:50:43] local.ERROR: Maximum execution time of 60 seconds exceeded {"exception":"[object] (Symfony\\Component\\ErrorHandler\\Error\\FatalError(code: 0): Maximum execution time of 60 seconds exceeded at C:/xampp/htdocs/AniMex/vendor/guzzlehttp/guzzle/src/Handler/CurlFactory.php:501)
[stacktrace]
#0 {main}
"} 
